
> noctalia@1.0.0 web
> expo start --web

Starting project at /app
React Compiler enabled
Starting Metro Bundler
Waiting on http://localhost:8081
Logs for your project will appear below.
Web node_modules/expo-router/entry.js ░░░░░░░░░░░░░░░░  0.0% (0/1)
Web node_modules/expo-router/entry.js ▓▓▓▓▓▓▓▓▓░░░░░░░ 56.3% (38/78)
Web node_modules/expo-router/entry.js ▓▓▓▓▓▓▓▓▓░░░░░░░ 56.3% (199/381)
Web node_modules/expo-router/entry.js ▓▓▓▓▓▓▓▓▓░░░░░░░ 56.3% (356/595)
Web node_modules/expo-router/entry.js ▓▓▓▓▓▓▓▓▓░░░░░░░ 56.3% (444/802)
Web node_modules/expo-router/entry.js ▓▓▓▓▓▓▓▓▓░░░░░░░ 56.3% ( 711/1037)
Web node_modules/expo-router/entry.js ▓▓▓▓▓▓▓▓▓░░░░░░░ 58.5% (1009/1319)
Web node_modules/expo-router/entry.js ▓▓▓▓▓▓▓▓▓▓▓▓░░░░ 78.8% (1362/1590)
Web node_modules/expo-router/entry.js ▓▓▓▓▓▓▓▓▓▓▓▓▓░░░ 86.2% (1825/2022)
Web Bundled 30714ms node_modules/expo-router/entry.js (2270 modules)
 LOG  [web] Logs will appear in the browser console
Web Bundled 24ms node_modules/expo-modules-core/src/index.ts (1 module)
Web node_modules/expo-router/entry.js ░░░░░░░░░░░░░░░░  0.0% (0/1)
Web Bundled 115ms node_modules/expo-router/entry.js (1 module)
 LOG  [web] Logs will appear in the browser console
Web Bundled 4ms node_modules/expo-modules-core/src/index.ts (1 module)
